mode: set
github.com/Vidkin/metrics/app/server.go:30.65,31.56 1 0
github.com/Vidkin/metrics/app/server.go:31.56,33.3 1 0
github.com/Vidkin/metrics/app/server.go:34.2,35.16 2 0
github.com/Vidkin/metrics/app/server.go:35.16,37.3 1 0
github.com/Vidkin/metrics/app/server.go:38.2,49.8 4 0
github.com/Vidkin/metrics/app/server.go:52.29,53.12 1 0
github.com/Vidkin/metrics/app/server.go:53.12,55.17 2 0
github.com/Vidkin/metrics/app/server.go:55.17,57.4 1 0
github.com/Vidkin/metrics/app/server.go:59.2,59.30 1 0
github.com/Vidkin/metrics/app/server.go:59.30,60.172 1 0
github.com/Vidkin/metrics/app/server.go:60.172,62.4 1 0
github.com/Vidkin/metrics/app/server.go:63.8,64.79 1 0
github.com/Vidkin/metrics/app/server.go:64.79,66.4 1 0
github.com/Vidkin/metrics/app/server.go:70.40,71.52 1 0
github.com/Vidkin/metrics/app/server.go:71.52,72.45 1 0
github.com/Vidkin/metrics/app/server.go:72.45,74.18 2 0
github.com/Vidkin/metrics/app/server.go:74.18,76.61 2 0
github.com/Vidkin/metrics/app/server.go:76.61,79.14 3 0
github.com/Vidkin/metrics/app/server.go:81.5,81.60 1 0
github.com/Vidkin/metrics/app/server.go:83.4,83.9 1 0
github.com/Vidkin/metrics/app/server.go:86.2,86.68 1 0
github.com/Vidkin/metrics/app/server.go:89.27,93.32 3 0
github.com/Vidkin/metrics/app/server.go:93.32,95.13 2 0
github.com/Vidkin/metrics/app/server.go:95.13,96.23 1 0
github.com/Vidkin/metrics/app/server.go:96.23,97.42 1 0
github.com/Vidkin/metrics/app/server.go:97.42,99.6 1 0
github.com/Vidkin/metrics/app/server.go:104.2,108.16 4 0
github.com/Vidkin/metrics/app/server.go:111.28,118.44 4 0
github.com/Vidkin/metrics/app/server.go:118.44,120.3 1 0
github.com/Vidkin/metrics/app/server.go:122.2,123.54 2 0
github.com/Vidkin/metrics/app/server.go:123.54,124.40 1 0
github.com/Vidkin/metrics/app/server.go:124.40,126.4 1 0
github.com/Vidkin/metrics/app/server.go:128.2,129.16 2 0
github.com/Vidkin/metrics/app/server.go:129.16,131.3 1 0
github.com/Vidkin/metrics/cmd/agent/main.go:26.13,29.16 3 0
github.com/Vidkin/metrics/cmd/agent/main.go:29.16,30.13 1 0
github.com/Vidkin/metrics/cmd/agent/main.go:32.2,32.63 1 0
github.com/Vidkin/metrics/cmd/agent/main.go:32.63,33.13 1 0
github.com/Vidkin/metrics/cmd/agent/main.go:35.2,38.33 4 0
github.com/Vidkin/metrics/cmd/agent/main.go:38.33,40.3 1 0
github.com/Vidkin/metrics/cmd/agent/main.go:41.2,50.12 7 0
github.com/Vidkin/metrics/cmd/agent/main.go:50.12,53.3 2 0
github.com/Vidkin/metrics/cmd/agent/main.go:55.2,55.11 1 0
github.com/Vidkin/metrics/cmd/staticlint/multichecker.go:100.53,102.42 2 0
github.com/Vidkin/metrics/cmd/staticlint/multichecker.go:102.42,103.47 1 0
github.com/Vidkin/metrics/cmd/staticlint/multichecker.go:103.47,105.4 1 0
github.com/Vidkin/metrics/cmd/staticlint/multichecker.go:107.2,107.41 1 0
github.com/Vidkin/metrics/cmd/staticlint/multichecker.go:107.41,108.95 1 0
github.com/Vidkin/metrics/cmd/staticlint/multichecker.go:108.95,110.4 1 0
github.com/Vidkin/metrics/cmd/staticlint/multichecker.go:112.2,112.15 1 0
github.com/Vidkin/metrics/cmd/staticlint/multichecker.go:115.50,164.2 47 0
github.com/Vidkin/metrics/cmd/staticlint/multichecker.go:168.13,178.2 7 0
github.com/Vidkin/metrics/cmd/server/main.go:16.13,19.16 3 0
github.com/Vidkin/metrics/cmd/server/main.go:19.16,20.13 1 0
github.com/Vidkin/metrics/cmd/server/main.go:23.2,24.16 2 0
github.com/Vidkin/metrics/cmd/server/main.go:24.16,25.13 1 0
github.com/Vidkin/metrics/cmd/server/main.go:27.2,27.17 1 0
github.com/Vidkin/metrics/internal/config/agent_config.go:50.45,55.16 5 0
github.com/Vidkin/metrics/internal/config/agent_config.go:55.16,57.3 1 0
github.com/Vidkin/metrics/internal/config/agent_config.go:58.2,58.21 1 0
github.com/Vidkin/metrics/internal/config/agent_config.go:61.47,72.29 10 0
github.com/Vidkin/metrics/internal/config/agent_config.go:72.29,73.66 1 0
github.com/Vidkin/metrics/internal/config/agent_config.go:73.66,75.4 1 0
github.com/Vidkin/metrics/internal/config/agent_config.go:78.2,79.16 2 0
github.com/Vidkin/metrics/internal/config/agent_config.go:79.16,81.3 1 0
github.com/Vidkin/metrics/internal/config/agent_config.go:83.2,83.40 1 0
github.com/Vidkin/metrics/internal/config/agent_config.go:83.40,85.3 1 0
github.com/Vidkin/metrics/internal/config/agent_config.go:87.2,87.12 1 0
github.com/Vidkin/metrics/internal/config/agent_config.go:90.62,92.16 2 0
github.com/Vidkin/metrics/internal/config/agent_config.go:92.16,94.3 1 0
github.com/Vidkin/metrics/internal/config/agent_config.go:96.2,97.62 2 0
github.com/Vidkin/metrics/internal/config/agent_config.go:97.62,99.3 1 0
github.com/Vidkin/metrics/internal/config/agent_config.go:101.2,101.40 1 0
github.com/Vidkin/metrics/internal/config/agent_config.go:101.40,103.3 1 0
github.com/Vidkin/metrics/internal/config/agent_config.go:105.2,112.33 7 0
github.com/Vidkin/metrics/internal/config/agent_config.go:112.33,114.14 2 0
github.com/Vidkin/metrics/internal/config/agent_config.go:115.20,116.29 1 0
github.com/Vidkin/metrics/internal/config/agent_config.go:117.38,118.26 1 0
github.com/Vidkin/metrics/internal/config/agent_config.go:119.20,120.31 1 0
github.com/Vidkin/metrics/internal/config/agent_config.go:121.20,122.26 1 0
github.com/Vidkin/metrics/internal/config/agent_config.go:123.20,124.24 1 0
github.com/Vidkin/metrics/internal/config/agent_config.go:128.2,128.22 1 0
github.com/Vidkin/metrics/internal/config/agent_config.go:128.22,130.3 1 0
github.com/Vidkin/metrics/internal/config/agent_config.go:132.2,132.27 1 0
github.com/Vidkin/metrics/internal/config/agent_config.go:132.27,134.3 1 0
github.com/Vidkin/metrics/internal/config/agent_config.go:136.2,136.25 1 0
github.com/Vidkin/metrics/internal/config/agent_config.go:136.25,138.3 1 0
github.com/Vidkin/metrics/internal/config/agent_config.go:140.2,140.22 1 0
github.com/Vidkin/metrics/internal/config/agent_config.go:140.22,142.3 1 0
github.com/Vidkin/metrics/internal/config/agent_config.go:144.2,144.20 1 0
github.com/Vidkin/metrics/internal/config/agent_config.go:144.20,146.3 1 0
github.com/Vidkin/metrics/internal/config/agent_config.go:148.2,148.12 1 0
github.com/Vidkin/metrics/internal/config/interval.go:12.53,15.59 2 0
github.com/Vidkin/metrics/internal/config/interval.go:15.59,17.3 1 0
github.com/Vidkin/metrics/internal/config/interval.go:19.2,19.41 1 0
github.com/Vidkin/metrics/internal/config/interval.go:19.41,21.17 2 0
github.com/Vidkin/metrics/internal/config/interval.go:21.17,23.4 1 0
github.com/Vidkin/metrics/internal/config/interval.go:24.3,24.25 1 0
github.com/Vidkin/metrics/internal/config/interval.go:25.8,27.3 1 0
github.com/Vidkin/metrics/internal/config/interval.go:28.2,28.12 1 0
github.com/Vidkin/metrics/internal/config/server_address.go:35.40,40.2 1 0
github.com/Vidkin/metrics/internal/config/server_address.go:46.41,48.2 1 0
github.com/Vidkin/metrics/internal/config/server_address.go:58.55,61.31 2 0
github.com/Vidkin/metrics/internal/config/server_address.go:61.31,63.3 1 0
github.com/Vidkin/metrics/internal/config/server_address.go:65.2,67.16 2 0
github.com/Vidkin/metrics/internal/config/server_address.go:67.16,69.3 1 0
github.com/Vidkin/metrics/internal/config/server_address.go:71.2,74.12 3 0
github.com/Vidkin/metrics/internal/config/server_address.go:85.58,88.16 3 0
github.com/Vidkin/metrics/internal/config/server_address.go:88.16,90.3 1 0
github.com/Vidkin/metrics/internal/config/server_address.go:91.2,93.16 3 0
github.com/Vidkin/metrics/internal/config/server_address.go:93.16,95.3 1 0
github.com/Vidkin/metrics/internal/config/server_address.go:96.2,97.12 2 0
github.com/Vidkin/metrics/internal/config/server_config.go:40.47,45.16 5 0
github.com/Vidkin/metrics/internal/config/server_config.go:45.16,47.3 1 0
github.com/Vidkin/metrics/internal/config/server_config.go:48.2,48.21 1 0
github.com/Vidkin/metrics/internal/config/server_config.go:51.48,65.29 13 0
github.com/Vidkin/metrics/internal/config/server_config.go:65.29,66.66 1 0
github.com/Vidkin/metrics/internal/config/server_config.go:66.66,68.4 1 0
github.com/Vidkin/metrics/internal/config/server_config.go:71.2,72.16 2 0
github.com/Vidkin/metrics/internal/config/server_config.go:72.16,74.3 1 0
github.com/Vidkin/metrics/internal/config/server_config.go:76.2,76.40 1 0
github.com/Vidkin/metrics/internal/config/server_config.go:76.40,78.3 1 0
github.com/Vidkin/metrics/internal/config/server_config.go:80.2,80.12 1 0
github.com/Vidkin/metrics/internal/config/server_config.go:83.63,85.16 2 0
github.com/Vidkin/metrics/internal/config/server_config.go:85.16,87.3 1 0
github.com/Vidkin/metrics/internal/config/server_config.go:89.2,90.63 2 0
github.com/Vidkin/metrics/internal/config/server_config.go:90.63,92.3 1 0
github.com/Vidkin/metrics/internal/config/server_config.go:94.2,94.40 1 0
github.com/Vidkin/metrics/internal/config/server_config.go:94.40,96.3 1 0
github.com/Vidkin/metrics/internal/config/server_config.go:98.2,107.33 9 0
github.com/Vidkin/metrics/internal/config/server_config.go:107.33,109.14 2 0
github.com/Vidkin/metrics/internal/config/server_config.go:110.20,111.26 1 0
github.com/Vidkin/metrics/internal/config/server_config.go:112.20,113.30 1 0
github.com/Vidkin/metrics/internal/config/server_config.go:114.20,115.22 1 0
github.com/Vidkin/metrics/internal/config/server_config.go:116.38,117.26 1 0
github.com/Vidkin/metrics/internal/config/server_config.go:118.20,119.24 1 0
github.com/Vidkin/metrics/internal/config/server_config.go:120.20,121.24 1 0
github.com/Vidkin/metrics/internal/config/server_config.go:122.20,123.30 1 0
github.com/Vidkin/metrics/internal/config/server_config.go:127.2,127.26 1 0
github.com/Vidkin/metrics/internal/config/server_config.go:127.26,129.3 1 0
github.com/Vidkin/metrics/internal/config/server_config.go:131.2,131.18 1 0
github.com/Vidkin/metrics/internal/config/server_config.go:131.18,133.3 1 0
github.com/Vidkin/metrics/internal/config/server_config.go:135.2,135.22 1 0
github.com/Vidkin/metrics/internal/config/server_config.go:135.22,137.3 1 0
github.com/Vidkin/metrics/internal/config/server_config.go:139.2,139.22 1 0
github.com/Vidkin/metrics/internal/config/server_config.go:139.22,141.3 1 0
github.com/Vidkin/metrics/internal/config/server_config.go:143.2,143.26 1 0
github.com/Vidkin/metrics/internal/config/server_config.go:143.26,145.3 1 0
github.com/Vidkin/metrics/internal/config/server_config.go:147.2,147.20 1 0
github.com/Vidkin/metrics/internal/config/server_config.go:147.20,149.3 1 0
github.com/Vidkin/metrics/internal/config/server_config.go:151.2,151.20 1 0
github.com/Vidkin/metrics/internal/config/server_config.go:151.20,153.3 1 0
github.com/Vidkin/metrics/internal/config/server_config.go:155.2,155.12 1 0
github.com/Vidkin/metrics/internal/certs/x509.go:17.47,19.2 1 0
github.com/Vidkin/metrics/internal/certs/x509.go:21.13,48.16 3 0
github.com/Vidkin/metrics/internal/certs/x509.go:48.16,50.3 1 0
github.com/Vidkin/metrics/internal/certs/x509.go:53.2,54.16 2 0
github.com/Vidkin/metrics/internal/certs/x509.go:54.16,56.3 1 0
github.com/Vidkin/metrics/internal/certs/x509.go:60.2,73.16 6 0
github.com/Vidkin/metrics/internal/certs/x509.go:73.16,75.3 1 0
github.com/Vidkin/metrics/internal/certs/x509.go:77.2,78.16 2 0
github.com/Vidkin/metrics/internal/certs/x509.go:78.16,80.3 1 0
github.com/Vidkin/metrics/internal/logger/logger.go:10.40,12.16 2 0
github.com/Vidkin/metrics/internal/logger/logger.go:12.16,14.3 1 0
github.com/Vidkin/metrics/internal/logger/logger.go:16.2,20.16 4 0
github.com/Vidkin/metrics/internal/logger/logger.go:20.16,22.3 1 0
github.com/Vidkin/metrics/internal/logger/logger.go:23.2,26.12 3 0
github.com/Vidkin/metrics/internal/repository/mock/mock_repository.go:28.65,32.2 3 0
github.com/Vidkin/metrics/internal/repository/mock/mock_repository.go:35.63,37.2 1 0
github.com/Vidkin/metrics/internal/repository/mock/mock_repository.go:40.86,46.2 1 0
github.com/Vidkin/metrics/internal/repository/mock/mock_repository.go:49.95,53.2 1 0
github.com/Vidkin/metrics/internal/repository/mock/mock_repository.go:56.86,63.2 1 0
github.com/Vidkin/metrics/internal/repository/mock/mock_repository.go:66.82,70.2 1 0
github.com/Vidkin/metrics/internal/repository/mock/mock_repository.go:73.84,80.2 1 0
github.com/Vidkin/metrics/internal/repository/mock/mock_repository.go:83.80,87.2 1 0
github.com/Vidkin/metrics/internal/repository/mock/mock_repository.go:90.101,96.2 5 0
github.com/Vidkin/metrics/internal/repository/mock/mock_repository.go:99.92,102.2 2 0
github.com/Vidkin/metrics/internal/repository/mock/mock_repository.go:105.85,111.2 5 0
github.com/Vidkin/metrics/internal/repository/mock/mock_repository.go:114.81,117.2 2 0
github.com/Vidkin/metrics/internal/repository/mock/mock_repository.go:120.88,125.2 4 0
github.com/Vidkin/metrics/internal/repository/mock/mock_repository.go:128.89,131.2 2 0
github.com/Vidkin/metrics/internal/repository/mock/mock_repository.go:134.91,139.2 4 0
github.com/Vidkin/metrics/internal/repository/mock/mock_repository.go:142.90,145.2 2 0
github.com/Vidkin/metrics/internal/repository/mock/mock_repository.go:148.58,153.2 4 0
github.com/Vidkin/metrics/internal/repository/mock/mock_repository.go:156.75,159.2 2 0
github.com/Vidkin/metrics/internal/repository/mock/mock_repository.go:162.43,168.2 1 0
github.com/Vidkin/metrics/internal/repository/mock/mock_repository.go:171.63,175.2 1 0
github.com/Vidkin/metrics/internal/repository/mock/mock_repository.go:178.59,183.2 4 0
github.com/Vidkin/metrics/internal/repository/mock/mock_repository.go:186.75,189.2 2 0
github.com/Vidkin/metrics/internal/metric/metric.go:23.41,24.24 1 0
github.com/Vidkin/metrics/internal/metric/metric.go:24.24,26.3 1 0
github.com/Vidkin/metrics/internal/metric/metric.go:27.2,27.40 1 0
github.com/Vidkin/metrics/pkg/compress/gzip.go:32.55,37.2 1 0
github.com/Vidkin/metrics/pkg/compress/gzip.go:41.39,43.2 1 0
github.com/Vidkin/metrics/pkg/compress/gzip.go:53.47,56.2 2 0
github.com/Vidkin/metrics/pkg/compress/gzip.go:60.46,62.2 1 0
github.com/Vidkin/metrics/pkg/compress/gzip.go:66.32,68.2 1 0
github.com/Vidkin/metrics/pkg/compress/gzip.go:87.58,89.16 2 0
github.com/Vidkin/metrics/pkg/compress/gzip.go:89.16,92.3 2 0
github.com/Vidkin/metrics/pkg/compress/gzip.go:94.2,97.8 1 0
github.com/Vidkin/metrics/pkg/compress/gzip.go:107.51,109.2 1 0
github.com/Vidkin/metrics/pkg/compress/gzip.go:113.32,114.36 1 0
github.com/Vidkin/metrics/pkg/compress/gzip.go:114.36,116.3 1 0
github.com/Vidkin/metrics/pkg/compress/gzip.go:117.2,117.21 1 0
github.com/Vidkin/metrics/pkg/ip/interfaces.go:29.42,31.16 2 0
github.com/Vidkin/metrics/pkg/ip/interfaces.go:31.16,34.3 2 0
github.com/Vidkin/metrics/pkg/ip/interfaces.go:36.2,37.35 2 0
github.com/Vidkin/metrics/pkg/ip/interfaces.go:37.35,38.34 1 0
github.com/Vidkin/metrics/pkg/ip/interfaces.go:38.34,39.12 1 0
github.com/Vidkin/metrics/pkg/ip/interfaces.go:42.3,43.17 2 0
github.com/Vidkin/metrics/pkg/ip/interfaces.go:43.17,46.4 2 0
github.com/Vidkin/metrics/pkg/ip/interfaces.go:48.3,48.30 1 0
github.com/Vidkin/metrics/pkg/ip/interfaces.go:48.30,49.67 1 0
github.com/Vidkin/metrics/pkg/ip/interfaces.go:49.67,51.5 1 0
github.com/Vidkin/metrics/pkg/ip/interfaces.go:54.2,54.17 1 0
github.com/Vidkin/metrics/pkg/hash/sha256.go:22.52,27.2 4 0
github.com/Vidkin/metrics/pkg/middleware/gzip.go:25.40,26.71 1 0
github.com/Vidkin/metrics/pkg/middleware/gzip.go:26.71,29.47 3 0
github.com/Vidkin/metrics/pkg/middleware/gzip.go:29.47,32.17 3 0
github.com/Vidkin/metrics/pkg/middleware/gzip.go:32.17,33.38 1 0
github.com/Vidkin/metrics/pkg/middleware/gzip.go:33.38,35.6 1 0
github.com/Vidkin/metrics/pkg/middleware/gzip.go:39.3,40.48 2 0
github.com/Vidkin/metrics/pkg/middleware/gzip.go:40.48,41.17 1 0
github.com/Vidkin/metrics/pkg/middleware/gzip.go:41.17,42.42 1 0
github.com/Vidkin/metrics/pkg/middleware/gzip.go:42.42,44.6 1 0
github.com/Vidkin/metrics/pkg/middleware/gzip.go:47.4,48.18 2 0
github.com/Vidkin/metrics/pkg/middleware/gzip.go:48.18,52.5 3 0
github.com/Vidkin/metrics/pkg/middleware/gzip.go:53.4,54.17 2 0
github.com/Vidkin/metrics/pkg/middleware/gzip.go:54.17,55.38 1 0
github.com/Vidkin/metrics/pkg/middleware/gzip.go:55.38,57.6 1 0
github.com/Vidkin/metrics/pkg/middleware/gzip.go:61.3,61.21 1 0
github.com/Vidkin/metrics/pkg/middleware/hash.go:31.55,32.46 1 0
github.com/Vidkin/metrics/pkg/middleware/hash.go:32.46,33.72 1 0
github.com/Vidkin/metrics/pkg/middleware/hash.go:33.72,35.18 2 0
github.com/Vidkin/metrics/pkg/middleware/hash.go:35.18,39.5 3 0
github.com/Vidkin/metrics/pkg/middleware/hash.go:39.10,41.19 2 0
github.com/Vidkin/metrics/pkg/middleware/hash.go:41.19,45.6 3 0
github.com/Vidkin/metrics/pkg/middleware/hash.go:47.5,50.18 3 0
github.com/Vidkin/metrics/pkg/middleware/hash.go:50.18,51.42 1 0
github.com/Vidkin/metrics/pkg/middleware/hash.go:51.42,53.7 1 0
github.com/Vidkin/metrics/pkg/middleware/hash.go:56.5,57.19 2 0
github.com/Vidkin/metrics/pkg/middleware/hash.go:57.19,61.6 3 0
github.com/Vidkin/metrics/pkg/middleware/hash.go:63.5,64.35 2 0
github.com/Vidkin/metrics/pkg/middleware/hash.go:64.35,68.6 3 0
github.com/Vidkin/metrics/pkg/middleware/hash.go:70.5,71.18 2 0
github.com/Vidkin/metrics/pkg/middleware/hash.go:71.18,72.43 1 0
github.com/Vidkin/metrics/pkg/middleware/hash.go:72.43,74.7 1 0
github.com/Vidkin/metrics/pkg/middleware/hash.go:78.4,82.29 2 0
github.com/Vidkin/metrics/pkg/middleware/logging.go:33.66,37.2 3 0
github.com/Vidkin/metrics/pkg/middleware/logging.go:46.62,49.2 2 0
github.com/Vidkin/metrics/pkg/middleware/logging.go:65.43,66.74 1 0
github.com/Vidkin/metrics/pkg/middleware/logging.go:66.74,91.3 7 0
github.com/Vidkin/metrics/pkg/middleware/trusted_subnet.go:22.67,23.46 1 0
github.com/Vidkin/metrics/pkg/middleware/trusted_subnet.go:23.46,24.72 1 0
github.com/Vidkin/metrics/pkg/middleware/trusted_subnet.go:24.72,26.18 2 0
github.com/Vidkin/metrics/pkg/middleware/trusted_subnet.go:26.18,30.5 3 0
github.com/Vidkin/metrics/pkg/middleware/trusted_subnet.go:31.4,33.17 3 0
github.com/Vidkin/metrics/pkg/middleware/trusted_subnet.go:33.17,37.5 3 0
github.com/Vidkin/metrics/pkg/middleware/trusted_subnet.go:38.4,38.26 1 0
github.com/Vidkin/metrics/pkg/middleware/trusted_subnet.go:38.26,40.5 1 0
github.com/Vidkin/metrics/pkg/middleware/trusted_subnet.go:41.4,43.10 3 0
github.com/Vidkin/metrics/internal/logger/logger.go:10.40,12.16 2 0
github.com/Vidkin/metrics/internal/logger/logger.go:12.16,14.3 1 0
github.com/Vidkin/metrics/internal/logger/logger.go:16.2,20.16 4 0
github.com/Vidkin/metrics/internal/logger/logger.go:20.16,22.3 1 0
github.com/Vidkin/metrics/internal/logger/logger.go:23.2,26.12 3 0
github.com/Vidkin/metrics/internal/metric/metric.go:23.41,24.24 1 0
github.com/Vidkin/metrics/internal/metric/metric.go:24.24,26.3 1 0
github.com/Vidkin/metrics/internal/metric/metric.go:27.2,27.40 1 0
github.com/Vidkin/metrics/internal/repository/storage/file.go:27.80,31.22 3 1
github.com/Vidkin/metrics/internal/repository/storage/file.go:32.23,33.37 1 1
github.com/Vidkin/metrics/internal/repository/storage/file.go:34.25,35.40 1 1
github.com/Vidkin/metrics/internal/repository/storage/file.go:36.10,37.43 1 1
github.com/Vidkin/metrics/internal/repository/storage/file.go:39.2,39.12 1 1
github.com/Vidkin/metrics/internal/repository/storage/file.go:42.84,46.34 3 1
github.com/Vidkin/metrics/internal/repository/storage/file.go:46.34,47.23 1 1
github.com/Vidkin/metrics/internal/repository/storage/file.go:48.24,49.38 1 1
github.com/Vidkin/metrics/internal/repository/storage/file.go:50.26,51.41 1 1
github.com/Vidkin/metrics/internal/repository/storage/file.go:52.11,53.44 1 1
github.com/Vidkin/metrics/internal/repository/storage/file.go:56.2,56.12 1 1
github.com/Vidkin/metrics/internal/repository/storage/file.go:59.88,63.15 3 1
github.com/Vidkin/metrics/internal/repository/storage/file.go:64.23,65.24 1 1
github.com/Vidkin/metrics/internal/repository/storage/file.go:66.25,67.26 1 1
github.com/Vidkin/metrics/internal/repository/storage/file.go:68.10,69.43 1 1
github.com/Vidkin/metrics/internal/repository/storage/file.go:71.2,71.12 1 1
github.com/Vidkin/metrics/internal/repository/storage/file.go:74.99,79.15 4 1
github.com/Vidkin/metrics/internal/repository/storage/file.go:80.23,82.10 2 1
github.com/Vidkin/metrics/internal/repository/storage/file.go:82.10,84.4 1 0
github.com/Vidkin/metrics/internal/repository/storage/file.go:85.3,87.20 3 1
github.com/Vidkin/metrics/internal/repository/storage/file.go:88.25,90.10 2 1
github.com/Vidkin/metrics/internal/repository/storage/file.go:90.10,92.4 1 0
github.com/Vidkin/metrics/internal/repository/storage/file.go:93.3,95.20 3 1
github.com/Vidkin/metrics/internal/repository/storage/file.go:96.10,97.48 1 1
github.com/Vidkin/metrics/internal/repository/storage/file.go:99.2,99.21 1 1
github.com/Vidkin/metrics/internal/repository/storage/file.go:102.77,104.44 2 1
github.com/Vidkin/metrics/internal/repository/storage/file.go:104.44,106.3 1 0
github.com/Vidkin/metrics/internal/repository/storage/file.go:107.2,107.46 1 1
github.com/Vidkin/metrics/internal/repository/storage/file.go:107.46,109.3 1 0
github.com/Vidkin/metrics/internal/repository/storage/file.go:110.2,112.26 3 1
github.com/Vidkin/metrics/internal/repository/storage/file.go:115.74,120.28 4 1
github.com/Vidkin/metrics/internal/repository/storage/file.go:120.28,126.3 1 1
github.com/Vidkin/metrics/internal/repository/storage/file.go:127.2,127.28 1 1
github.com/Vidkin/metrics/internal/repository/storage/file.go:130.76,135.30 4 1
github.com/Vidkin/metrics/internal/repository/storage/file.go:135.30,141.3 1 1
github.com/Vidkin/metrics/internal/repository/storage/file.go:142.2,142.30 1 1
github.com/Vidkin/metrics/internal/repository/storage/file.go:145.53,147.33 2 1
github.com/Vidkin/metrics/internal/repository/storage/file.go:147.33,150.3 2 1
github.com/Vidkin/metrics/internal/repository/storage/file.go:151.2,154.16 3 1
github.com/Vidkin/metrics/internal/repository/storage/file.go:154.16,157.3 2 0
github.com/Vidkin/metrics/internal/repository/storage/file.go:159.2,160.20 2 1
github.com/Vidkin/metrics/internal/repository/storage/file.go:160.20,161.55 1 1
github.com/Vidkin/metrics/internal/repository/storage/file.go:161.55,163.4 1 0
github.com/Vidkin/metrics/internal/repository/storage/file.go:166.2,167.34 2 1
github.com/Vidkin/metrics/internal/repository/storage/file.go:167.34,168.55 1 1
github.com/Vidkin/metrics/internal/repository/storage/file.go:168.55,169.38 1 1
github.com/Vidkin/metrics/internal/repository/storage/file.go:169.38,171.5 1 1
github.com/Vidkin/metrics/internal/repository/storage/file.go:172.4,172.36 1 1
github.com/Vidkin/metrics/internal/repository/storage/file.go:172.36,174.5 1 1
github.com/Vidkin/metrics/internal/repository/storage/file.go:175.4,176.9 2 1
github.com/Vidkin/metrics/internal/repository/storage/file.go:180.2,180.12 1 1
github.com/Vidkin/metrics/internal/repository/storage/file.go:180.12,182.3 1 1
github.com/Vidkin/metrics/internal/repository/storage/file.go:184.2,185.16 2 1
github.com/Vidkin/metrics/internal/repository/storage/file.go:185.16,188.3 2 0
github.com/Vidkin/metrics/internal/repository/storage/file.go:190.2,191.16 2 1
github.com/Vidkin/metrics/internal/repository/storage/file.go:191.16,194.3 2 0
github.com/Vidkin/metrics/internal/repository/storage/file.go:195.2,195.12 1 1
github.com/Vidkin/metrics/internal/repository/storage/file.go:198.40,200.16 2 1
github.com/Vidkin/metrics/internal/repository/storage/file.go:200.16,203.3 2 1
github.com/Vidkin/metrics/internal/repository/storage/file.go:204.2,207.16 3 1
github.com/Vidkin/metrics/internal/repository/storage/file.go:207.16,210.3 2 0
github.com/Vidkin/metrics/internal/repository/storage/file.go:211.2,212.16 2 1
github.com/Vidkin/metrics/internal/repository/storage/file.go:212.16,215.3 2 0
github.com/Vidkin/metrics/internal/repository/storage/file.go:216.2,219.16 3 1
github.com/Vidkin/metrics/internal/repository/storage/file.go:219.16,222.3 2 0
github.com/Vidkin/metrics/internal/repository/storage/file.go:223.2,224.16 2 1
github.com/Vidkin/metrics/internal/repository/storage/file.go:224.16,227.3 2 0
github.com/Vidkin/metrics/internal/repository/storage/file.go:228.2,228.12 1 1
github.com/Vidkin/metrics/internal/repository/storage/file.go:231.55,233.16 2 1
github.com/Vidkin/metrics/internal/repository/storage/file.go:233.16,234.20 1 0
github.com/Vidkin/metrics/internal/repository/storage/file.go:234.20,236.4 1 0
github.com/Vidkin/metrics/internal/repository/storage/file.go:237.3,238.13 2 0
github.com/Vidkin/metrics/internal/repository/storage/file.go:240.2,243.16 3 1
github.com/Vidkin/metrics/internal/repository/storage/file.go:243.16,246.3 2 0
github.com/Vidkin/metrics/internal/repository/storage/file.go:247.2,248.55 2 1
github.com/Vidkin/metrics/internal/repository/storage/file.go:248.55,250.3 1 0
github.com/Vidkin/metrics/internal/repository/storage/file.go:252.2,252.33 1 1
github.com/Vidkin/metrics/internal/repository/storage/file.go:252.33,253.54 1 0
github.com/Vidkin/metrics/internal/repository/storage/file.go:253.54,255.4 1 0
github.com/Vidkin/metrics/internal/repository/storage/file.go:257.2,257.12 1 1
github.com/Vidkin/metrics/internal/repository/storage/memory.go:25.82,29.22 3 1
github.com/Vidkin/metrics/internal/repository/storage/memory.go:30.23,31.37 1 1
github.com/Vidkin/metrics/internal/repository/storage/memory.go:32.25,33.40 1 1
github.com/Vidkin/metrics/internal/repository/storage/memory.go:34.10,35.43 1 1
github.com/Vidkin/metrics/internal/repository/storage/memory.go:37.2,37.12 1 1
github.com/Vidkin/metrics/internal/repository/storage/memory.go:40.86,44.34 3 1
github.com/Vidkin/metrics/internal/repository/storage/memory.go:44.34,45.23 1 1
github.com/Vidkin/metrics/internal/repository/storage/memory.go:46.24,47.38 1 1
github.com/Vidkin/metrics/internal/repository/storage/memory.go:48.26,49.41 1 1
github.com/Vidkin/metrics/internal/repository/storage/memory.go:50.11,51.44 1 1
github.com/Vidkin/metrics/internal/repository/storage/memory.go:54.2,54.12 1 1
github.com/Vidkin/metrics/internal/repository/storage/memory.go:57.90,61.15 3 1
github.com/Vidkin/metrics/internal/repository/storage/memory.go:62.23,63.24 1 1
github.com/Vidkin/metrics/internal/repository/storage/memory.go:64.25,65.26 1 1
github.com/Vidkin/metrics/internal/repository/storage/memory.go:66.10,67.43 1 1
github.com/Vidkin/metrics/internal/repository/storage/memory.go:69.2,69.12 1 1
github.com/Vidkin/metrics/internal/repository/storage/memory.go:72.101,77.15 4 1
github.com/Vidkin/metrics/internal/repository/storage/memory.go:78.23,80.10 2 1
github.com/Vidkin/metrics/internal/repository/storage/memory.go:80.10,82.4 1 0
github.com/Vidkin/metrics/internal/repository/storage/memory.go:83.3,85.20 3 1
github.com/Vidkin/metrics/internal/repository/storage/memory.go:86.25,88.10 2 1
github.com/Vidkin/metrics/internal/repository/storage/memory.go:88.10,90.4 1 0
github.com/Vidkin/metrics/internal/repository/storage/memory.go:91.3,93.20 3 1
github.com/Vidkin/metrics/internal/repository/storage/memory.go:94.10,95.48 1 1
github.com/Vidkin/metrics/internal/repository/storage/memory.go:97.2,97.21 1 1
github.com/Vidkin/metrics/internal/repository/storage/memory.go:100.79,102.44 2 1
github.com/Vidkin/metrics/internal/repository/storage/memory.go:102.44,104.3 1 0
github.com/Vidkin/metrics/internal/repository/storage/memory.go:105.2,105.46 1 1
github.com/Vidkin/metrics/internal/repository/storage/memory.go:105.46,107.3 1 0
github.com/Vidkin/metrics/internal/repository/storage/memory.go:108.2,110.26 3 1
github.com/Vidkin/metrics/internal/repository/storage/memory.go:113.76,118.28 4 1
github.com/Vidkin/metrics/internal/repository/storage/memory.go:118.28,124.3 1 1
github.com/Vidkin/metrics/internal/repository/storage/memory.go:125.2,125.28 1 1
github.com/Vidkin/metrics/internal/repository/storage/memory.go:128.78,133.30 4 1
github.com/Vidkin/metrics/internal/repository/storage/memory.go:133.30,139.3 1 1
github.com/Vidkin/metrics/internal/repository/storage/memory.go:140.2,140.30 1 1
github.com/Vidkin/metrics/internal/repository/storage/postgres.go:27.86,28.22 1 1
github.com/Vidkin/metrics/internal/repository/storage/postgres.go:29.23,31.36 2 1
github.com/Vidkin/metrics/internal/repository/storage/postgres.go:31.36,34.4 2 1
github.com/Vidkin/metrics/internal/repository/storage/postgres.go:35.3,35.17 1 1
github.com/Vidkin/metrics/internal/repository/storage/postgres.go:35.17,38.4 2 0
github.com/Vidkin/metrics/internal/repository/storage/postgres.go:39.3,40.13 2 1
github.com/Vidkin/metrics/internal/repository/storage/postgres.go:41.25,43.36 2 1
github.com/Vidkin/metrics/internal/repository/storage/postgres.go:43.36,46.4 2 1
github.com/Vidkin/metrics/internal/repository/storage/postgres.go:47.3,47.17 1 1
github.com/Vidkin/metrics/internal/repository/storage/postgres.go:47.17,50.4 2 0
github.com/Vidkin/metrics/internal/repository/storage/postgres.go:51.3,52.13 2 1
github.com/Vidkin/metrics/internal/repository/storage/postgres.go:53.10,54.43 1 1
github.com/Vidkin/metrics/internal/repository/storage/postgres.go:58.90,60.16 2 1
github.com/Vidkin/metrics/internal/repository/storage/postgres.go:60.16,63.3 2 0
github.com/Vidkin/metrics/internal/repository/storage/postgres.go:64.2,65.34 2 1
github.com/Vidkin/metrics/internal/repository/storage/postgres.go:65.34,66.23 1 1
github.com/Vidkin/metrics/internal/repository/storage/postgres.go:67.24,71.18 4 1
github.com/Vidkin/metrics/internal/repository/storage/postgres.go:71.18,72.38 1 1
github.com/Vidkin/metrics/internal/repository/storage/postgres.go:72.38,74.20 2 1
github.com/Vidkin/metrics/internal/repository/storage/postgres.go:74.20,77.7 2 0
github.com/Vidkin/metrics/internal/repository/storage/postgres.go:78.11,81.6 2 0
github.com/Vidkin/metrics/internal/repository/storage/postgres.go:83.4,84.18 2 1
github.com/Vidkin/metrics/internal/repository/storage/postgres.go:84.18,87.5 2 0
github.com/Vidkin/metrics/internal/repository/storage/postgres.go:88.26,92.18 4 1
github.com/Vidkin/metrics/internal/repository/storage/postgres.go:92.18,93.38 1 1
github.com/Vidkin/metrics/internal/repository/storage/postgres.go:93.38,95.20 2 1
github.com/Vidkin/metrics/internal/repository/storage/postgres.go:95.20,98.7 2 0
github.com/Vidkin/metrics/internal/repository/storage/postgres.go:99.11,102.6 2 0
github.com/Vidkin/metrics/internal/repository/storage/postgres.go:104.4,105.18 2 1
github.com/Vidkin/metrics/internal/repository/storage/postgres.go:105.18,108.5 2 0
github.com/Vidkin/metrics/internal/repository/storage/postgres.go:109.11,111.44 2 1
github.com/Vidkin/metrics/internal/repository/storage/postgres.go:114.2,114.20 1 1
github.com/Vidkin/metrics/internal/repository/storage/postgres.go:117.94,118.15 1 1
github.com/Vidkin/metrics/internal/repository/storage/postgres.go:119.23,121.17 2 1
github.com/Vidkin/metrics/internal/repository/storage/postgres.go:121.17,124.4 2 0
github.com/Vidkin/metrics/internal/repository/storage/postgres.go:125.3,127.17 3 1
github.com/Vidkin/metrics/internal/repository/storage/postgres.go:127.17,129.4 1 0
github.com/Vidkin/metrics/internal/repository/storage/postgres.go:130.3,130.13 1 1
github.com/Vidkin/metrics/internal/repository/storage/postgres.go:131.25,133.17 2 1
github.com/Vidkin/metrics/internal/repository/storage/postgres.go:133.17,136.4 2 0
github.com/Vidkin/metrics/internal/repository/storage/postgres.go:137.3,139.17 3 1
github.com/Vidkin/metrics/internal/repository/storage/postgres.go:139.17,141.4 1 0
github.com/Vidkin/metrics/internal/repository/storage/postgres.go:142.3,142.13 1 1
github.com/Vidkin/metrics/internal/repository/storage/postgres.go:143.10,145.43 2 1
github.com/Vidkin/metrics/internal/repository/storage/postgres.go:149.105,150.15 1 1
github.com/Vidkin/metrics/internal/repository/storage/postgres.go:151.23,153.17 2 1
github.com/Vidkin/metrics/internal/repository/storage/postgres.go:153.17,156.4 2 0
github.com/Vidkin/metrics/internal/repository/storage/postgres.go:157.3,161.17 5 1
github.com/Vidkin/metrics/internal/repository/storage/postgres.go:161.17,164.4 2 1
github.com/Vidkin/metrics/internal/repository/storage/postgres.go:165.3,166.17 2 1
github.com/Vidkin/metrics/internal/repository/storage/postgres.go:167.25,169.17 2 1
github.com/Vidkin/metrics/internal/repository/storage/postgres.go:169.17,172.4 2 0
github.com/Vidkin/metrics/internal/repository/storage/postgres.go:173.3,177.17 5 1
github.com/Vidkin/metrics/internal/repository/storage/postgres.go:177.17,180.4 2 1
github.com/Vidkin/metrics/internal/repository/storage/postgres.go:181.3,182.17 2 1
github.com/Vidkin/metrics/internal/repository/storage/postgres.go:183.10,185.48 2 1
github.com/Vidkin/metrics/internal/repository/storage/postgres.go:189.81,191.44 2 1
github.com/Vidkin/metrics/internal/repository/storage/postgres.go:191.44,194.3 2 0
github.com/Vidkin/metrics/internal/repository/storage/postgres.go:195.2,195.46 1 1
github.com/Vidkin/metrics/internal/repository/storage/postgres.go:195.46,198.3 2 0
github.com/Vidkin/metrics/internal/repository/storage/postgres.go:199.2,201.26 3 1
github.com/Vidkin/metrics/internal/repository/storage/postgres.go:204.80,207.16 3 1
github.com/Vidkin/metrics/internal/repository/storage/postgres.go:207.16,210.3 2 0
github.com/Vidkin/metrics/internal/repository/storage/postgres.go:211.2,213.16 3 1
github.com/Vidkin/metrics/internal/repository/storage/postgres.go:213.16,216.3 2 0
github.com/Vidkin/metrics/internal/repository/storage/postgres.go:217.2,219.18 2 1
github.com/Vidkin/metrics/internal/repository/storage/postgres.go:219.18,221.51 2 1
github.com/Vidkin/metrics/internal/repository/storage/postgres.go:221.51,224.4 2 0
github.com/Vidkin/metrics/internal/repository/storage/postgres.go:225.3,226.46 2 1
github.com/Vidkin/metrics/internal/repository/storage/postgres.go:228.2,228.23 1 1
github.com/Vidkin/metrics/internal/repository/storage/postgres.go:228.23,231.3 2 0
github.com/Vidkin/metrics/internal/repository/storage/postgres.go:232.2,232.28 1 1
github.com/Vidkin/metrics/internal/repository/storage/postgres.go:235.82,238.16 3 1
github.com/Vidkin/metrics/internal/repository/storage/postgres.go:238.16,241.3 2 0
github.com/Vidkin/metrics/internal/repository/storage/postgres.go:242.2,244.16 3 1
github.com/Vidkin/metrics/internal/repository/storage/postgres.go:244.16,247.3 2 0
github.com/Vidkin/metrics/internal/repository/storage/postgres.go:248.2,250.18 2 1
github.com/Vidkin/metrics/internal/repository/storage/postgres.go:250.18,252.51 2 1
github.com/Vidkin/metrics/internal/repository/storage/postgres.go:252.51,255.4 2 0
github.com/Vidkin/metrics/internal/repository/storage/postgres.go:256.3,257.50 2 1
github.com/Vidkin/metrics/internal/repository/storage/postgres.go:259.2,259.23 1 1
github.com/Vidkin/metrics/internal/repository/storage/postgres.go:259.23,262.3 2 0
github.com/Vidkin/metrics/internal/repository/storage/postgres.go:263.2,263.30 1 1
github.com/Vidkin/metrics/internal/repository/storage/postgres.go:266.59,268.2 1 1
github.com/Vidkin/metrics/internal/repository/storage/postgres.go:270.41,272.2 1 1
github.com/Vidkin/metrics/internal/agent/worker.go:81.132,88.2 1 1
github.com/Vidkin/metrics/internal/agent/worker.go:90.100,95.16 4 1
github.com/Vidkin/metrics/internal/agent/worker.go:95.16,98.3 2 0
github.com/Vidkin/metrics/internal/agent/worker.go:99.2,103.16 4 1
github.com/Vidkin/metrics/internal/agent/worker.go:103.16,106.3 2 0
github.com/Vidkin/metrics/internal/agent/worker.go:108.2,140.41 2 1
github.com/Vidkin/metrics/internal/agent/worker.go:140.41,142.3 1 1
github.com/Vidkin/metrics/internal/agent/worker.go:144.2,146.33 3 1
github.com/Vidkin/metrics/internal/agent/worker.go:146.33,153.17 3 1
github.com/Vidkin/metrics/internal/agent/worker.go:153.17,156.4 2 0
github.com/Vidkin/metrics/internal/agent/worker.go:157.3,157.18 1 1
github.com/Vidkin/metrics/internal/agent/worker.go:159.2,166.16 4 1
github.com/Vidkin/metrics/internal/agent/worker.go:166.16,169.3 2 0
github.com/Vidkin/metrics/internal/agent/worker.go:172.113,174.16 2 1
github.com/Vidkin/metrics/internal/agent/worker.go:174.16,177.3 2 0
github.com/Vidkin/metrics/internal/agent/worker.go:179.2,182.16 4 1
github.com/Vidkin/metrics/internal/agent/worker.go:182.16,185.3 2 0
github.com/Vidkin/metrics/internal/agent/worker.go:187.2,188.16 2 1
github.com/Vidkin/metrics/internal/agent/worker.go:188.16,191.3 2 0
github.com/Vidkin/metrics/internal/agent/worker.go:193.2,194.16 2 1
github.com/Vidkin/metrics/internal/agent/worker.go:194.16,197.3 2 0
github.com/Vidkin/metrics/internal/agent/worker.go:198.2,198.26 1 1
github.com/Vidkin/metrics/internal/agent/worker.go:198.26,201.3 2 0
github.com/Vidkin/metrics/internal/agent/worker.go:203.2,211.16 3 1
github.com/Vidkin/metrics/internal/agent/worker.go:211.16,214.3 2 0
github.com/Vidkin/metrics/internal/agent/worker.go:215.2,215.33 1 1
github.com/Vidkin/metrics/internal/agent/worker.go:215.33,217.17 2 1
github.com/Vidkin/metrics/internal/agent/worker.go:217.17,219.4 1 0
github.com/Vidkin/metrics/internal/agent/worker.go:222.2,224.47 3 1
github.com/Vidkin/metrics/internal/agent/worker.go:224.47,227.17 3 1
github.com/Vidkin/metrics/internal/agent/worker.go:227.17,230.4 2 0
github.com/Vidkin/metrics/internal/agent/worker.go:231.3,231.10 1 1
github.com/Vidkin/metrics/internal/agent/worker.go:232.8,234.3 1 1
github.com/Vidkin/metrics/internal/agent/worker.go:236.2,236.9 1 1
github.com/Vidkin/metrics/internal/agent/worker.go:237.20,239.26 2 0
github.com/Vidkin/metrics/internal/agent/worker.go:240.10,242.17 2 1
github.com/Vidkin/metrics/internal/agent/worker.go:242.17,245.4 2 0
github.com/Vidkin/metrics/internal/agent/worker.go:246.3,246.50 1 1
github.com/Vidkin/metrics/internal/agent/worker.go:250.102,251.6 1 1
github.com/Vidkin/metrics/internal/agent/worker.go:251.6,252.10 1 1
github.com/Vidkin/metrics/internal/agent/worker.go:253.24,254.11 1 1
github.com/Vidkin/metrics/internal/agent/worker.go:254.11,256.5 1 1
github.com/Vidkin/metrics/internal/agent/worker.go:257.4,262.18 6 1
github.com/Vidkin/metrics/internal/agent/worker.go:262.18,264.5 1 0
github.com/Vidkin/metrics/internal/agent/worker.go:266.4,266.44 1 1
github.com/Vidkin/metrics/internal/agent/worker.go:266.44,268.28 2 1
github.com/Vidkin/metrics/internal/agent/worker.go:268.28,272.6 3 0
github.com/Vidkin/metrics/internal/agent/worker.go:273.5,274.43 2 1
github.com/Vidkin/metrics/internal/agent/worker.go:274.43,277.6 2 0
github.com/Vidkin/metrics/internal/agent/worker.go:278.5,285.19 2 1
github.com/Vidkin/metrics/internal/agent/worker.go:285.19,287.59 2 0
github.com/Vidkin/metrics/internal/agent/worker.go:287.59,290.15 3 0
github.com/Vidkin/metrics/internal/agent/worker.go:292.6,293.12 2 0
github.com/Vidkin/metrics/internal/agent/worker.go:295.5,295.10 1 1
github.com/Vidkin/metrics/internal/agent/worker.go:298.21,299.10 1 0
github.com/Vidkin/metrics/internal/agent/worker.go:304.51,307.31 3 0
github.com/Vidkin/metrics/internal/agent/worker.go:307.31,309.3 1 0
github.com/Vidkin/metrics/internal/agent/worker.go:310.2,315.6 4 0
github.com/Vidkin/metrics/internal/agent/worker.go:315.6,317.10 2 0
github.com/Vidkin/metrics/internal/agent/worker.go:318.21,326.14 7 0
github.com/Vidkin/metrics/internal/agent/worker.go:326.14,328.5 1 0
github.com/Vidkin/metrics/internal/agent/worker.go:330.4,331.10 2 0
github.com/Vidkin/metrics/internal/agent/worker.go:332.11,336.14 3 0
github.com/Vidkin/metrics/internal/agent/worker.go:336.14,339.5 2 0
github.com/Vidkin/metrics/internal/agent/worker.go:341.4,341.81 1 0
github.com/Vidkin/metrics/internal/agent/worker.go:341.81,343.47 2 0
github.com/Vidkin/metrics/internal/agent/worker.go:343.47,345.16 2 0
github.com/Vidkin/metrics/internal/agent/worker.go:345.16,348.7 2 0
github.com/Vidkin/metrics/internal/agent/worker.go:351.4,352.11 2 0
github.com/Vidkin/metrics/internal/config/agent_config.go:50.45,55.16 5 0
github.com/Vidkin/metrics/internal/config/agent_config.go:55.16,57.3 1 0
github.com/Vidkin/metrics/internal/config/agent_config.go:58.2,58.21 1 0
github.com/Vidkin/metrics/internal/config/agent_config.go:61.47,72.29 10 0
github.com/Vidkin/metrics/internal/config/agent_config.go:72.29,73.66 1 0
github.com/Vidkin/metrics/internal/config/agent_config.go:73.66,75.4 1 0
github.com/Vidkin/metrics/internal/config/agent_config.go:78.2,79.16 2 0
github.com/Vidkin/metrics/internal/config/agent_config.go:79.16,81.3 1 0
github.com/Vidkin/metrics/internal/config/agent_config.go:83.2,83.40 1 0
github.com/Vidkin/metrics/internal/config/agent_config.go:83.40,85.3 1 0
github.com/Vidkin/metrics/internal/config/agent_config.go:87.2,87.12 1 0
github.com/Vidkin/metrics/internal/config/agent_config.go:90.62,92.16 2 0
github.com/Vidkin/metrics/internal/config/agent_config.go:92.16,94.3 1 0
github.com/Vidkin/metrics/internal/config/agent_config.go:96.2,97.62 2 0
github.com/Vidkin/metrics/internal/config/agent_config.go:97.62,99.3 1 0
github.com/Vidkin/metrics/internal/config/agent_config.go:101.2,101.40 1 0
github.com/Vidkin/metrics/internal/config/agent_config.go:101.40,103.3 1 0
github.com/Vidkin/metrics/internal/config/agent_config.go:105.2,112.33 7 0
github.com/Vidkin/metrics/internal/config/agent_config.go:112.33,114.14 2 0
github.com/Vidkin/metrics/internal/config/agent_config.go:115.20,116.29 1 0
github.com/Vidkin/metrics/internal/config/agent_config.go:117.38,118.26 1 0
github.com/Vidkin/metrics/internal/config/agent_config.go:119.20,120.31 1 0
github.com/Vidkin/metrics/internal/config/agent_config.go:121.20,122.26 1 0
github.com/Vidkin/metrics/internal/config/agent_config.go:123.20,124.24 1 0
github.com/Vidkin/metrics/internal/config/agent_config.go:128.2,128.22 1 0
github.com/Vidkin/metrics/internal/config/agent_config.go:128.22,130.3 1 0
github.com/Vidkin/metrics/internal/config/agent_config.go:132.2,132.27 1 0
github.com/Vidkin/metrics/internal/config/agent_config.go:132.27,134.3 1 0
github.com/Vidkin/metrics/internal/config/agent_config.go:136.2,136.25 1 0
github.com/Vidkin/metrics/internal/config/agent_config.go:136.25,138.3 1 0
github.com/Vidkin/metrics/internal/config/agent_config.go:140.2,140.22 1 0
github.com/Vidkin/metrics/internal/config/agent_config.go:140.22,142.3 1 0
github.com/Vidkin/metrics/internal/config/agent_config.go:144.2,144.20 1 0
github.com/Vidkin/metrics/internal/config/agent_config.go:144.20,146.3 1 0
github.com/Vidkin/metrics/internal/config/agent_config.go:148.2,148.12 1 0
github.com/Vidkin/metrics/internal/config/interval.go:12.53,15.59 2 0
github.com/Vidkin/metrics/internal/config/interval.go:15.59,17.3 1 0
github.com/Vidkin/metrics/internal/config/interval.go:19.2,19.41 1 0
github.com/Vidkin/metrics/internal/config/interval.go:19.41,21.17 2 0
github.com/Vidkin/metrics/internal/config/interval.go:21.17,23.4 1 0
github.com/Vidkin/metrics/internal/config/interval.go:24.3,24.25 1 0
github.com/Vidkin/metrics/internal/config/interval.go:25.8,27.3 1 0
github.com/Vidkin/metrics/internal/config/interval.go:28.2,28.12 1 0
github.com/Vidkin/metrics/internal/config/server_address.go:35.40,40.2 1 0
github.com/Vidkin/metrics/internal/config/server_address.go:46.41,48.2 1 0
github.com/Vidkin/metrics/internal/config/server_address.go:58.55,61.31 2 0
github.com/Vidkin/metrics/internal/config/server_address.go:61.31,63.3 1 0
github.com/Vidkin/metrics/internal/config/server_address.go:65.2,67.16 2 0
github.com/Vidkin/metrics/internal/config/server_address.go:67.16,69.3 1 0
github.com/Vidkin/metrics/internal/config/server_address.go:71.2,74.12 3 0
github.com/Vidkin/metrics/internal/config/server_address.go:85.58,88.16 3 0
github.com/Vidkin/metrics/internal/config/server_address.go:88.16,90.3 1 0
github.com/Vidkin/metrics/internal/config/server_address.go:91.2,93.16 3 0
github.com/Vidkin/metrics/internal/config/server_address.go:93.16,95.3 1 0
github.com/Vidkin/metrics/internal/config/server_address.go:96.2,97.12 2 0
github.com/Vidkin/metrics/internal/config/server_config.go:40.47,45.16 5 0
github.com/Vidkin/metrics/internal/config/server_config.go:45.16,47.3 1 0
github.com/Vidkin/metrics/internal/config/server_config.go:48.2,48.21 1 0
github.com/Vidkin/metrics/internal/config/server_config.go:51.48,65.29 13 0
github.com/Vidkin/metrics/internal/config/server_config.go:65.29,66.66 1 0
github.com/Vidkin/metrics/internal/config/server_config.go:66.66,68.4 1 0
github.com/Vidkin/metrics/internal/config/server_config.go:71.2,72.16 2 0
github.com/Vidkin/metrics/internal/config/server_config.go:72.16,74.3 1 0
github.com/Vidkin/metrics/internal/config/server_config.go:76.2,76.40 1 0
github.com/Vidkin/metrics/internal/config/server_config.go:76.40,78.3 1 0
github.com/Vidkin/metrics/internal/config/server_config.go:80.2,80.12 1 0
github.com/Vidkin/metrics/internal/config/server_config.go:83.63,85.16 2 0
github.com/Vidkin/metrics/internal/config/server_config.go:85.16,87.3 1 0
github.com/Vidkin/metrics/internal/config/server_config.go:89.2,90.63 2 0
github.com/Vidkin/metrics/internal/config/server_config.go:90.63,92.3 1 0
github.com/Vidkin/metrics/internal/config/server_config.go:94.2,94.40 1 0
github.com/Vidkin/metrics/internal/config/server_config.go:94.40,96.3 1 0
github.com/Vidkin/metrics/internal/config/server_config.go:98.2,107.33 9 0
github.com/Vidkin/metrics/internal/config/server_config.go:107.33,109.14 2 0
github.com/Vidkin/metrics/internal/config/server_config.go:110.20,111.26 1 0
github.com/Vidkin/metrics/internal/config/server_config.go:112.20,113.30 1 0
github.com/Vidkin/metrics/internal/config/server_config.go:114.20,115.22 1 0
github.com/Vidkin/metrics/internal/config/server_config.go:116.38,117.26 1 0
github.com/Vidkin/metrics/internal/config/server_config.go:118.20,119.24 1 0
github.com/Vidkin/metrics/internal/config/server_config.go:120.20,121.24 1 0
github.com/Vidkin/metrics/internal/config/server_config.go:122.20,123.30 1 0
github.com/Vidkin/metrics/internal/config/server_config.go:127.2,127.26 1 0
github.com/Vidkin/metrics/internal/config/server_config.go:127.26,129.3 1 0
github.com/Vidkin/metrics/internal/config/server_config.go:131.2,131.18 1 0
github.com/Vidkin/metrics/internal/config/server_config.go:131.18,133.3 1 0
github.com/Vidkin/metrics/internal/config/server_config.go:135.2,135.22 1 0
github.com/Vidkin/metrics/internal/config/server_config.go:135.22,137.3 1 0
github.com/Vidkin/metrics/internal/config/server_config.go:139.2,139.22 1 0
github.com/Vidkin/metrics/internal/config/server_config.go:139.22,141.3 1 0
github.com/Vidkin/metrics/internal/config/server_config.go:143.2,143.26 1 0
github.com/Vidkin/metrics/internal/config/server_config.go:143.26,145.3 1 0
github.com/Vidkin/metrics/internal/config/server_config.go:147.2,147.20 1 0
github.com/Vidkin/metrics/internal/config/server_config.go:147.20,149.3 1 0
github.com/Vidkin/metrics/internal/config/server_config.go:151.2,151.20 1 0
github.com/Vidkin/metrics/internal/config/server_config.go:151.20,153.3 1 0
github.com/Vidkin/metrics/internal/config/server_config.go:155.2,155.12 1 0
github.com/Vidkin/metrics/internal/logger/logger.go:10.40,12.16 2 0
github.com/Vidkin/metrics/internal/logger/logger.go:12.16,14.3 1 0
github.com/Vidkin/metrics/internal/logger/logger.go:16.2,20.16 4 0
github.com/Vidkin/metrics/internal/logger/logger.go:20.16,22.3 1 0
github.com/Vidkin/metrics/internal/logger/logger.go:23.2,26.12 3 0
github.com/Vidkin/metrics/internal/metric/metric.go:23.41,24.24 1 0
github.com/Vidkin/metrics/internal/metric/metric.go:24.24,26.3 1 0
github.com/Vidkin/metrics/internal/metric/metric.go:27.2,27.40 1 0
github.com/Vidkin/metrics/pkg/compress/gzip.go:32.55,37.2 1 1
github.com/Vidkin/metrics/pkg/compress/gzip.go:41.39,43.2 1 1
github.com/Vidkin/metrics/pkg/compress/gzip.go:53.47,56.2 2 1
github.com/Vidkin/metrics/pkg/compress/gzip.go:60.46,62.2 1 1
github.com/Vidkin/metrics/pkg/compress/gzip.go:66.32,68.2 1 1
github.com/Vidkin/metrics/pkg/compress/gzip.go:87.58,89.16 2 1
github.com/Vidkin/metrics/pkg/compress/gzip.go:89.16,92.3 2 0
github.com/Vidkin/metrics/pkg/compress/gzip.go:94.2,97.8 1 1
github.com/Vidkin/metrics/pkg/compress/gzip.go:107.51,109.2 1 1
github.com/Vidkin/metrics/pkg/compress/gzip.go:113.32,114.36 1 1
github.com/Vidkin/metrics/pkg/compress/gzip.go:114.36,116.3 1 0
github.com/Vidkin/metrics/pkg/compress/gzip.go:117.2,117.21 1 1
github.com/Vidkin/metrics/pkg/hash/sha256.go:22.52,27.2 4 0
github.com/Vidkin/metrics/pkg/ip/interfaces.go:29.42,31.16 2 1
github.com/Vidkin/metrics/pkg/ip/interfaces.go:31.16,34.3 2 0
github.com/Vidkin/metrics/pkg/ip/interfaces.go:36.2,37.35 2 1
github.com/Vidkin/metrics/pkg/ip/interfaces.go:37.35,38.34 1 1
github.com/Vidkin/metrics/pkg/ip/interfaces.go:38.34,39.12 1 1
github.com/Vidkin/metrics/pkg/ip/interfaces.go:42.3,43.17 2 1
github.com/Vidkin/metrics/pkg/ip/interfaces.go:43.17,46.4 2 0
github.com/Vidkin/metrics/pkg/ip/interfaces.go:48.3,48.30 1 1
github.com/Vidkin/metrics/pkg/ip/interfaces.go:48.30,49.67 1 1
github.com/Vidkin/metrics/pkg/ip/interfaces.go:49.67,51.5 1 1
github.com/Vidkin/metrics/pkg/ip/interfaces.go:54.2,54.17 1 1
github.com/Vidkin/metrics/pkg/middleware/gzip.go:25.40,26.71 1 1
github.com/Vidkin/metrics/pkg/middleware/gzip.go:26.71,29.47 3 1
github.com/Vidkin/metrics/pkg/middleware/gzip.go:29.47,32.17 3 1
github.com/Vidkin/metrics/pkg/middleware/gzip.go:32.17,33.38 1 1
github.com/Vidkin/metrics/pkg/middleware/gzip.go:33.38,35.6 1 0
github.com/Vidkin/metrics/pkg/middleware/gzip.go:39.3,40.48 2 1
github.com/Vidkin/metrics/pkg/middleware/gzip.go:40.48,41.17 1 1
github.com/Vidkin/metrics/pkg/middleware/gzip.go:41.17,42.42 1 1
github.com/Vidkin/metrics/pkg/middleware/gzip.go:42.42,44.6 1 0
github.com/Vidkin/metrics/pkg/middleware/gzip.go:47.4,48.18 2 1
github.com/Vidkin/metrics/pkg/middleware/gzip.go:48.18,52.5 3 0
github.com/Vidkin/metrics/pkg/middleware/gzip.go:53.4,54.17 2 1
github.com/Vidkin/metrics/pkg/middleware/gzip.go:54.17,55.38 1 1
github.com/Vidkin/metrics/pkg/middleware/gzip.go:55.38,57.6 1 0
github.com/Vidkin/metrics/pkg/middleware/gzip.go:61.3,61.21 1 1
github.com/Vidkin/metrics/pkg/middleware/hash.go:31.55,32.46 1 0
github.com/Vidkin/metrics/pkg/middleware/hash.go:32.46,33.72 1 0
github.com/Vidkin/metrics/pkg/middleware/hash.go:33.72,35.18 2 0
github.com/Vidkin/metrics/pkg/middleware/hash.go:35.18,39.5 3 0
github.com/Vidkin/metrics/pkg/middleware/hash.go:39.10,41.19 2 0
github.com/Vidkin/metrics/pkg/middleware/hash.go:41.19,45.6 3 0
github.com/Vidkin/metrics/pkg/middleware/hash.go:47.5,50.18 3 0
github.com/Vidkin/metrics/pkg/middleware/hash.go:50.18,51.42 1 0
github.com/Vidkin/metrics/pkg/middleware/hash.go:51.42,53.7 1 0
github.com/Vidkin/metrics/pkg/middleware/hash.go:56.5,57.19 2 0
github.com/Vidkin/metrics/pkg/middleware/hash.go:57.19,61.6 3 0
github.com/Vidkin/metrics/pkg/middleware/hash.go:63.5,64.35 2 0
github.com/Vidkin/metrics/pkg/middleware/hash.go:64.35,68.6 3 0
github.com/Vidkin/metrics/pkg/middleware/hash.go:70.5,71.18 2 0
github.com/Vidkin/metrics/pkg/middleware/hash.go:71.18,72.43 1 0
github.com/Vidkin/metrics/pkg/middleware/hash.go:72.43,74.7 1 0
github.com/Vidkin/metrics/pkg/middleware/hash.go:78.4,82.29 2 0
github.com/Vidkin/metrics/pkg/middleware/logging.go:33.66,37.2 3 1
github.com/Vidkin/metrics/pkg/middleware/logging.go:46.62,49.2 2 1
github.com/Vidkin/metrics/pkg/middleware/logging.go:65.43,66.74 1 1
github.com/Vidkin/metrics/pkg/middleware/logging.go:66.74,91.3 7 1
github.com/Vidkin/metrics/pkg/middleware/trusted_subnet.go:22.67,23.46 1 0
github.com/Vidkin/metrics/pkg/middleware/trusted_subnet.go:23.46,24.72 1 0
github.com/Vidkin/metrics/pkg/middleware/trusted_subnet.go:24.72,26.18 2 0
github.com/Vidkin/metrics/pkg/middleware/trusted_subnet.go:26.18,30.5 3 0
github.com/Vidkin/metrics/pkg/middleware/trusted_subnet.go:31.4,33.17 3 0
github.com/Vidkin/metrics/pkg/middleware/trusted_subnet.go:33.17,37.5 3 0
github.com/Vidkin/metrics/pkg/middleware/trusted_subnet.go:38.4,38.26 1 0
github.com/Vidkin/metrics/pkg/middleware/trusted_subnet.go:38.26,40.5 1 0
github.com/Vidkin/metrics/pkg/middleware/trusted_subnet.go:41.4,43.10 3 0
github.com/Vidkin/metrics/pkg/exitcheck/exit.go:29.52,30.31 1 1
github.com/Vidkin/metrics/pkg/exitcheck/exit.go:30.31,31.28 1 1
github.com/Vidkin/metrics/pkg/exitcheck/exit.go:31.28,32.41 1 1
github.com/Vidkin/metrics/pkg/exitcheck/exit.go:32.41,33.26 1 1
github.com/Vidkin/metrics/pkg/exitcheck/exit.go:34.24,35.31 1 1
github.com/Vidkin/metrics/pkg/exitcheck/exit.go:35.31,36.37 1 1
github.com/Vidkin/metrics/pkg/exitcheck/exit.go:36.37,37.43 1 1
github.com/Vidkin/metrics/pkg/exitcheck/exit.go:37.43,38.49 1 1
github.com/Vidkin/metrics/pkg/exitcheck/exit.go:38.49,39.56 1 1
github.com/Vidkin/metrics/pkg/exitcheck/exit.go:39.56,40.46 1 1
github.com/Vidkin/metrics/pkg/exitcheck/exit.go:40.46,41.56 1 1
github.com/Vidkin/metrics/pkg/exitcheck/exit.go:41.56,43.13 1 1
github.com/Vidkin/metrics/pkg/exitcheck/exit.go:52.5,52.16 1 1
github.com/Vidkin/metrics/pkg/exitcheck/exit.go:56.2,56.17 1 1
github.com/Vidkin/metrics/internal/config/agent_config.go:50.45,55.16 5 0
github.com/Vidkin/metrics/internal/config/agent_config.go:55.16,57.3 1 0
github.com/Vidkin/metrics/internal/config/agent_config.go:58.2,58.21 1 0
github.com/Vidkin/metrics/internal/config/agent_config.go:61.47,72.29 10 0
github.com/Vidkin/metrics/internal/config/agent_config.go:72.29,73.66 1 0
github.com/Vidkin/metrics/internal/config/agent_config.go:73.66,75.4 1 0
github.com/Vidkin/metrics/internal/config/agent_config.go:78.2,79.16 2 0
github.com/Vidkin/metrics/internal/config/agent_config.go:79.16,81.3 1 0
github.com/Vidkin/metrics/internal/config/agent_config.go:83.2,83.40 1 0
github.com/Vidkin/metrics/internal/config/agent_config.go:83.40,85.3 1 0
github.com/Vidkin/metrics/internal/config/agent_config.go:87.2,87.12 1 0
github.com/Vidkin/metrics/internal/config/agent_config.go:90.62,92.16 2 0
github.com/Vidkin/metrics/internal/config/agent_config.go:92.16,94.3 1 0
github.com/Vidkin/metrics/internal/config/agent_config.go:96.2,97.62 2 0
github.com/Vidkin/metrics/internal/config/agent_config.go:97.62,99.3 1 0
github.com/Vidkin/metrics/internal/config/agent_config.go:101.2,101.40 1 0
github.com/Vidkin/metrics/internal/config/agent_config.go:101.40,103.3 1 0
github.com/Vidkin/metrics/internal/config/agent_config.go:105.2,112.33 7 0
github.com/Vidkin/metrics/internal/config/agent_config.go:112.33,114.14 2 0
github.com/Vidkin/metrics/internal/config/agent_config.go:115.20,116.29 1 0
github.com/Vidkin/metrics/internal/config/agent_config.go:117.38,118.26 1 0
github.com/Vidkin/metrics/internal/config/agent_config.go:119.20,120.31 1 0
github.com/Vidkin/metrics/internal/config/agent_config.go:121.20,122.26 1 0
github.com/Vidkin/metrics/internal/config/agent_config.go:123.20,124.24 1 0
github.com/Vidkin/metrics/internal/config/agent_config.go:128.2,128.22 1 0
github.com/Vidkin/metrics/internal/config/agent_config.go:128.22,130.3 1 0
github.com/Vidkin/metrics/internal/config/agent_config.go:132.2,132.27 1 0
github.com/Vidkin/metrics/internal/config/agent_config.go:132.27,134.3 1 0
github.com/Vidkin/metrics/internal/config/agent_config.go:136.2,136.25 1 0
github.com/Vidkin/metrics/internal/config/agent_config.go:136.25,138.3 1 0
github.com/Vidkin/metrics/internal/config/agent_config.go:140.2,140.22 1 0
github.com/Vidkin/metrics/internal/config/agent_config.go:140.22,142.3 1 0
github.com/Vidkin/metrics/internal/config/agent_config.go:144.2,144.20 1 0
github.com/Vidkin/metrics/internal/config/agent_config.go:144.20,146.3 1 0
github.com/Vidkin/metrics/internal/config/agent_config.go:148.2,148.12 1 0
github.com/Vidkin/metrics/internal/config/interval.go:12.53,15.59 2 0
github.com/Vidkin/metrics/internal/config/interval.go:15.59,17.3 1 0
github.com/Vidkin/metrics/internal/config/interval.go:19.2,19.41 1 0
github.com/Vidkin/metrics/internal/config/interval.go:19.41,21.17 2 0
github.com/Vidkin/metrics/internal/config/interval.go:21.17,23.4 1 0
github.com/Vidkin/metrics/internal/config/interval.go:24.3,24.25 1 0
github.com/Vidkin/metrics/internal/config/interval.go:25.8,27.3 1 0
github.com/Vidkin/metrics/internal/config/interval.go:28.2,28.12 1 0
github.com/Vidkin/metrics/internal/config/server_address.go:35.40,40.2 1 0
github.com/Vidkin/metrics/internal/config/server_address.go:46.41,48.2 1 0
github.com/Vidkin/metrics/internal/config/server_address.go:58.55,61.31 2 0
github.com/Vidkin/metrics/internal/config/server_address.go:61.31,63.3 1 0
github.com/Vidkin/metrics/internal/config/server_address.go:65.2,67.16 2 0
github.com/Vidkin/metrics/internal/config/server_address.go:67.16,69.3 1 0
github.com/Vidkin/metrics/internal/config/server_address.go:71.2,74.12 3 0
github.com/Vidkin/metrics/internal/config/server_address.go:85.58,88.16 3 0
github.com/Vidkin/metrics/internal/config/server_address.go:88.16,90.3 1 0
github.com/Vidkin/metrics/internal/config/server_address.go:91.2,93.16 3 0
github.com/Vidkin/metrics/internal/config/server_address.go:93.16,95.3 1 0
github.com/Vidkin/metrics/internal/config/server_address.go:96.2,97.12 2 0
github.com/Vidkin/metrics/internal/config/server_config.go:40.47,45.16 5 0
github.com/Vidkin/metrics/internal/config/server_config.go:45.16,47.3 1 0
github.com/Vidkin/metrics/internal/config/server_config.go:48.2,48.21 1 0
github.com/Vidkin/metrics/internal/config/server_config.go:51.48,65.29 13 0
github.com/Vidkin/metrics/internal/config/server_config.go:65.29,66.66 1 0
github.com/Vidkin/metrics/internal/config/server_config.go:66.66,68.4 1 0
github.com/Vidkin/metrics/internal/config/server_config.go:71.2,72.16 2 0
github.com/Vidkin/metrics/internal/config/server_config.go:72.16,74.3 1 0
github.com/Vidkin/metrics/internal/config/server_config.go:76.2,76.40 1 0
github.com/Vidkin/metrics/internal/config/server_config.go:76.40,78.3 1 0
github.com/Vidkin/metrics/internal/config/server_config.go:80.2,80.12 1 0
github.com/Vidkin/metrics/internal/config/server_config.go:83.63,85.16 2 0
github.com/Vidkin/metrics/internal/config/server_config.go:85.16,87.3 1 0
github.com/Vidkin/metrics/internal/config/server_config.go:89.2,90.63 2 0
github.com/Vidkin/metrics/internal/config/server_config.go:90.63,92.3 1 0
github.com/Vidkin/metrics/internal/config/server_config.go:94.2,94.40 1 0
github.com/Vidkin/metrics/internal/config/server_config.go:94.40,96.3 1 0
github.com/Vidkin/metrics/internal/config/server_config.go:98.2,107.33 9 0
github.com/Vidkin/metrics/internal/config/server_config.go:107.33,109.14 2 0
github.com/Vidkin/metrics/internal/config/server_config.go:110.20,111.26 1 0
github.com/Vidkin/metrics/internal/config/server_config.go:112.20,113.30 1 0
github.com/Vidkin/metrics/internal/config/server_config.go:114.20,115.22 1 0
github.com/Vidkin/metrics/internal/config/server_config.go:116.38,117.26 1 0
github.com/Vidkin/metrics/internal/config/server_config.go:118.20,119.24 1 0
github.com/Vidkin/metrics/internal/config/server_config.go:120.20,121.24 1 0
github.com/Vidkin/metrics/internal/config/server_config.go:122.20,123.30 1 0
github.com/Vidkin/metrics/internal/config/server_config.go:127.2,127.26 1 0
github.com/Vidkin/metrics/internal/config/server_config.go:127.26,129.3 1 0
github.com/Vidkin/metrics/internal/config/server_config.go:131.2,131.18 1 0
github.com/Vidkin/metrics/internal/config/server_config.go:131.18,133.3 1 0
github.com/Vidkin/metrics/internal/config/server_config.go:135.2,135.22 1 0
github.com/Vidkin/metrics/internal/config/server_config.go:135.22,137.3 1 0
github.com/Vidkin/metrics/internal/config/server_config.go:139.2,139.22 1 0
github.com/Vidkin/metrics/internal/config/server_config.go:139.22,141.3 1 0
github.com/Vidkin/metrics/internal/config/server_config.go:143.2,143.26 1 0
github.com/Vidkin/metrics/internal/config/server_config.go:143.26,145.3 1 0
github.com/Vidkin/metrics/internal/config/server_config.go:147.2,147.20 1 0
github.com/Vidkin/metrics/internal/config/server_config.go:147.20,149.3 1 0
github.com/Vidkin/metrics/internal/config/server_config.go:151.2,151.20 1 0
github.com/Vidkin/metrics/internal/config/server_config.go:151.20,153.3 1 0
github.com/Vidkin/metrics/internal/config/server_config.go:155.2,155.12 1 0
github.com/Vidkin/metrics/internal/logger/logger.go:10.40,12.16 2 0
github.com/Vidkin/metrics/internal/logger/logger.go:12.16,14.3 1 0
github.com/Vidkin/metrics/internal/logger/logger.go:16.2,20.16 4 0
github.com/Vidkin/metrics/internal/logger/logger.go:20.16,22.3 1 0
github.com/Vidkin/metrics/internal/logger/logger.go:23.2,26.12 3 0
github.com/Vidkin/metrics/internal/metric/metric.go:23.41,24.24 1 1
github.com/Vidkin/metrics/internal/metric/metric.go:24.24,26.3 1 1
github.com/Vidkin/metrics/internal/metric/metric.go:27.2,27.40 1 1
github.com/Vidkin/metrics/internal/repository/mock/mock_repository.go:28.65,32.2 3 1
github.com/Vidkin/metrics/internal/repository/mock/mock_repository.go:35.63,37.2 1 1
github.com/Vidkin/metrics/internal/repository/mock/mock_repository.go:40.86,46.2 1 0
github.com/Vidkin/metrics/internal/repository/mock/mock_repository.go:49.95,53.2 1 0
github.com/Vidkin/metrics/internal/repository/mock/mock_repository.go:56.86,63.2 1 0
github.com/Vidkin/metrics/internal/repository/mock/mock_repository.go:66.82,70.2 1 0
github.com/Vidkin/metrics/internal/repository/mock/mock_repository.go:73.84,80.2 1 0
github.com/Vidkin/metrics/internal/repository/mock/mock_repository.go:83.80,87.2 1 0
github.com/Vidkin/metrics/internal/repository/mock/mock_repository.go:90.101,96.2 5 1
github.com/Vidkin/metrics/internal/repository/mock/mock_repository.go:99.92,102.2 2 1
github.com/Vidkin/metrics/internal/repository/mock/mock_repository.go:105.85,111.2 5 1
github.com/Vidkin/metrics/internal/repository/mock/mock_repository.go:114.81,117.2 2 1
github.com/Vidkin/metrics/internal/repository/mock/mock_repository.go:120.88,125.2 4 1
github.com/Vidkin/metrics/internal/repository/mock/mock_repository.go:128.89,131.2 2 1
github.com/Vidkin/metrics/internal/repository/mock/mock_repository.go:134.91,139.2 4 1
github.com/Vidkin/metrics/internal/repository/mock/mock_repository.go:142.90,145.2 2 1
github.com/Vidkin/metrics/internal/repository/mock/mock_repository.go:148.58,153.2 4 1
github.com/Vidkin/metrics/internal/repository/mock/mock_repository.go:156.75,159.2 2 1
github.com/Vidkin/metrics/internal/repository/mock/mock_repository.go:162.43,168.2 1 0
github.com/Vidkin/metrics/internal/repository/mock/mock_repository.go:171.63,175.2 1 0
github.com/Vidkin/metrics/internal/repository/mock/mock_repository.go:178.59,183.2 4 1
github.com/Vidkin/metrics/internal/repository/mock/mock_repository.go:186.75,189.2 2 1
github.com/Vidkin/metrics/internal/router/metric_router.go:121.52,122.41 1 1
github.com/Vidkin/metrics/internal/router/metric_router.go:122.41,124.3 1 1
github.com/Vidkin/metrics/internal/router/metric_router.go:125.2,125.68 1 0
github.com/Vidkin/metrics/internal/router/metric_router.go:143.55,144.34 1 1
github.com/Vidkin/metrics/internal/router/metric_router.go:144.34,146.3 1 1
github.com/Vidkin/metrics/internal/router/metric_router.go:147.2,147.68 1 0
github.com/Vidkin/metrics/internal/router/metric_router.go:164.32,165.37 1 0
github.com/Vidkin/metrics/internal/router/metric_router.go:165.37,167.3 1 0
github.com/Vidkin/metrics/internal/router/metric_router.go:168.2,168.68 1 0
github.com/Vidkin/metrics/internal/router/metric_router.go:189.111,192.38 3 1
github.com/Vidkin/metrics/internal/router/metric_router.go:192.38,194.3 1 1
github.com/Vidkin/metrics/internal/router/metric_router.go:195.2,195.28 1 1
github.com/Vidkin/metrics/internal/router/metric_router.go:195.28,197.3 1 1
github.com/Vidkin/metrics/internal/router/metric_router.go:198.2,200.39 2 1
github.com/Vidkin/metrics/internal/router/metric_router.go:200.39,202.39 2 1
github.com/Vidkin/metrics/internal/router/metric_router.go:202.39,204.4 1 1
github.com/Vidkin/metrics/internal/router/metric_router.go:205.3,205.40 1 1
github.com/Vidkin/metrics/internal/router/metric_router.go:205.40,208.4 2 1
github.com/Vidkin/metrics/internal/router/metric_router.go:209.3,209.41 1 1
github.com/Vidkin/metrics/internal/router/metric_router.go:209.41,212.4 2 1
github.com/Vidkin/metrics/internal/router/metric_router.go:213.3,213.42 1 1
github.com/Vidkin/metrics/internal/router/metric_router.go:213.42,215.4 1 1
github.com/Vidkin/metrics/internal/router/metric_router.go:217.2,222.12 6 1
github.com/Vidkin/metrics/internal/router/metric_router.go:233.81,241.38 3 1
github.com/Vidkin/metrics/internal/router/metric_router.go:241.38,243.17 2 1
github.com/Vidkin/metrics/internal/router/metric_router.go:243.17,245.30 2 1
github.com/Vidkin/metrics/internal/router/metric_router.go:245.30,246.74 1 1
github.com/Vidkin/metrics/internal/router/metric_router.go:246.74,249.14 3 1
github.com/Vidkin/metrics/internal/router/metric_router.go:252.4,254.10 3 1
github.com/Vidkin/metrics/internal/router/metric_router.go:256.3,256.8 1 1
github.com/Vidkin/metrics/internal/router/metric_router.go:259.2,259.29 1 1
github.com/Vidkin/metrics/internal/router/metric_router.go:259.29,260.34 1 1
github.com/Vidkin/metrics/internal/router/metric_router.go:260.34,262.4 1 1
github.com/Vidkin/metrics/internal/router/metric_router.go:263.3,263.36 1 1
github.com/Vidkin/metrics/internal/router/metric_router.go:263.36,265.4 1 1
github.com/Vidkin/metrics/internal/router/metric_router.go:268.2,268.32 1 1
github.com/Vidkin/metrics/internal/router/metric_router.go:278.83,280.59 2 1
github.com/Vidkin/metrics/internal/router/metric_router.go:280.59,284.3 3 1
github.com/Vidkin/metrics/internal/router/metric_router.go:285.2,285.32 1 1
github.com/Vidkin/metrics/internal/router/metric_router.go:295.91,299.70 3 1
github.com/Vidkin/metrics/internal/router/metric_router.go:299.70,302.3 2 1
github.com/Vidkin/metrics/internal/router/metric_router.go:304.2,309.38 2 1
github.com/Vidkin/metrics/internal/router/metric_router.go:309.38,311.17 2 1
github.com/Vidkin/metrics/internal/router/metric_router.go:311.17,313.30 2 1
github.com/Vidkin/metrics/internal/router/metric_router.go:313.30,314.74 1 1
github.com/Vidkin/metrics/internal/router/metric_router.go:314.74,317.14 3 1
github.com/Vidkin/metrics/internal/router/metric_router.go:320.4,322.10 3 1
github.com/Vidkin/metrics/internal/router/metric_router.go:324.3,324.8 1 1
github.com/Vidkin/metrics/internal/router/metric_router.go:327.2,329.16 3 1
github.com/Vidkin/metrics/internal/router/metric_router.go:329.16,332.3 2 0
github.com/Vidkin/metrics/internal/router/metric_router.go:333.2,333.32 1 1
github.com/Vidkin/metrics/internal/router/metric_router.go:346.65,347.27 1 1
github.com/Vidkin/metrics/internal/router/metric_router.go:347.27,348.39 1 1
github.com/Vidkin/metrics/internal/router/metric_router.go:348.39,350.18 2 1
github.com/Vidkin/metrics/internal/router/metric_router.go:350.18,352.55 2 1
github.com/Vidkin/metrics/internal/router/metric_router.go:352.55,355.14 3 1
github.com/Vidkin/metrics/internal/router/metric_router.go:357.5,358.45 2 1
github.com/Vidkin/metrics/internal/router/metric_router.go:360.4,360.9 1 1
github.com/Vidkin/metrics/internal/router/metric_router.go:363.2,363.12 1 1
github.com/Vidkin/metrics/internal/router/metric_router.go:373.89,378.22 4 1
github.com/Vidkin/metrics/internal/router/metric_router.go:378.22,380.3 1 0
github.com/Vidkin/metrics/internal/router/metric_router.go:382.2,382.70 1 1
github.com/Vidkin/metrics/internal/router/metric_router.go:382.70,385.3 2 1
github.com/Vidkin/metrics/internal/router/metric_router.go:387.2,398.35 3 1
github.com/Vidkin/metrics/internal/router/metric_router.go:398.35,401.3 2 1
github.com/Vidkin/metrics/internal/router/metric_router.go:403.2,403.37 1 1
github.com/Vidkin/metrics/internal/router/metric_router.go:403.37,406.3 2 1
github.com/Vidkin/metrics/internal/router/metric_router.go:408.2,408.16 1 1
github.com/Vidkin/metrics/internal/router/metric_router.go:408.16,412.3 3 1
github.com/Vidkin/metrics/internal/router/metric_router.go:414.2,414.38 1 1
github.com/Vidkin/metrics/internal/router/metric_router.go:414.38,416.17 2 1
github.com/Vidkin/metrics/internal/router/metric_router.go:416.17,418.30 2 1
github.com/Vidkin/metrics/internal/router/metric_router.go:418.30,419.74 1 1
github.com/Vidkin/metrics/internal/router/metric_router.go:419.74,422.14 3 1
github.com/Vidkin/metrics/internal/router/metric_router.go:425.4,427.10 3 1
github.com/Vidkin/metrics/internal/router/metric_router.go:429.3,429.8 1 1
github.com/Vidkin/metrics/internal/router/metric_router.go:432.2,432.43 1 1
github.com/Vidkin/metrics/internal/router/metric_router.go:432.43,435.3 2 1
github.com/Vidkin/metrics/internal/router/metric_router.go:436.2,437.32 2 1
github.com/Vidkin/metrics/internal/router/metric_router.go:445.93,446.58 1 1
github.com/Vidkin/metrics/internal/router/metric_router.go:446.58,449.3 2 1
github.com/Vidkin/metrics/internal/router/metric_router.go:451.2,452.62 2 1
github.com/Vidkin/metrics/internal/router/metric_router.go:452.62,455.3 2 1
github.com/Vidkin/metrics/internal/router/metric_router.go:457.2,457.18 1 1
github.com/Vidkin/metrics/internal/router/metric_router.go:458.23,459.22 1 1
github.com/Vidkin/metrics/internal/router/metric_router.go:459.22,462.4 2 1
github.com/Vidkin/metrics/internal/router/metric_router.go:463.25,464.22 1 1
github.com/Vidkin/metrics/internal/router/metric_router.go:464.22,467.4 2 1
github.com/Vidkin/metrics/internal/router/metric_router.go:468.10,470.9 2 1
github.com/Vidkin/metrics/internal/router/metric_router.go:473.2,473.38 1 1
github.com/Vidkin/metrics/internal/router/metric_router.go:473.38,475.17 2 1
github.com/Vidkin/metrics/internal/router/metric_router.go:475.17,477.30 2 1
github.com/Vidkin/metrics/internal/router/metric_router.go:477.30,478.74 1 1
github.com/Vidkin/metrics/internal/router/metric_router.go:478.74,481.14 3 1
github.com/Vidkin/metrics/internal/router/metric_router.go:484.4,486.10 3 1
github.com/Vidkin/metrics/internal/router/metric_router.go:488.3,488.8 1 1
github.com/Vidkin/metrics/internal/router/metric_router.go:491.2,491.43 1 1
github.com/Vidkin/metrics/internal/router/metric_router.go:491.43,494.3 2 1
github.com/Vidkin/metrics/internal/router/metric_router.go:495.2,499.38 2 1
github.com/Vidkin/metrics/internal/router/metric_router.go:499.38,501.17 2 1
github.com/Vidkin/metrics/internal/router/metric_router.go:501.17,503.30 2 1
github.com/Vidkin/metrics/internal/router/metric_router.go:503.30,504.74 1 1
github.com/Vidkin/metrics/internal/router/metric_router.go:504.74,507.14 3 1
github.com/Vidkin/metrics/internal/router/metric_router.go:510.4,512.10 3 1
github.com/Vidkin/metrics/internal/router/metric_router.go:514.3,514.8 1 1
github.com/Vidkin/metrics/internal/router/metric_router.go:517.2,519.16 3 1
github.com/Vidkin/metrics/internal/router/metric_router.go:519.16,523.3 3 0
github.com/Vidkin/metrics/internal/router/metric_router.go:524.2,525.16 2 1
github.com/Vidkin/metrics/internal/router/metric_router.go:525.16,529.3 3 0
github.com/Vidkin/metrics/internal/router/metric_router.go:530.2,530.32 1 1
github.com/Vidkin/metrics/internal/router/metric_router.go:538.95,539.58 1 1
github.com/Vidkin/metrics/internal/router/metric_router.go:539.58,542.3 2 1
github.com/Vidkin/metrics/internal/router/metric_router.go:544.2,545.62 2 1
github.com/Vidkin/metrics/internal/router/metric_router.go:545.62,548.3 2 1
github.com/Vidkin/metrics/internal/router/metric_router.go:550.2,550.66 1 1
github.com/Vidkin/metrics/internal/router/metric_router.go:550.66,553.3 2 1
github.com/Vidkin/metrics/internal/router/metric_router.go:555.2,559.38 2 1
github.com/Vidkin/metrics/internal/router/metric_router.go:559.38,561.17 2 1
github.com/Vidkin/metrics/internal/router/metric_router.go:561.17,563.30 2 1
github.com/Vidkin/metrics/internal/router/metric_router.go:563.30,564.74 1 1
github.com/Vidkin/metrics/internal/router/metric_router.go:564.74,567.14 3 1
github.com/Vidkin/metrics/internal/router/metric_router.go:570.4,572.10 3 1
github.com/Vidkin/metrics/internal/router/metric_router.go:574.3,574.8 1 1
github.com/Vidkin/metrics/internal/router/metric_router.go:577.2,580.16 3 1
github.com/Vidkin/metrics/internal/router/metric_router.go:580.16,584.3 3 0
github.com/Vidkin/metrics/internal/router/metric_router.go:585.2,586.16 2 1
github.com/Vidkin/metrics/internal/router/metric_router.go:586.16,590.3 3 0
github.com/Vidkin/metrics/internal/router/metric_router.go:591.2,591.32 1 1
github.com/Vidkin/metrics/internal/router/metric_router.go:599.94,600.58 1 1
github.com/Vidkin/metrics/internal/router/metric_router.go:600.58,603.3 2 1
github.com/Vidkin/metrics/internal/router/metric_router.go:605.2,606.67 2 1
github.com/Vidkin/metrics/internal/router/metric_router.go:606.67,609.3 2 1
github.com/Vidkin/metrics/internal/router/metric_router.go:610.2,610.33 1 1
github.com/Vidkin/metrics/internal/router/metric_router.go:610.33,612.17 2 1
github.com/Vidkin/metrics/internal/router/metric_router.go:612.17,614.4 1 0
github.com/Vidkin/metrics/internal/router/metric_router.go:617.2,617.28 1 1
github.com/Vidkin/metrics/internal/router/metric_router.go:617.28,618.105 1 1
github.com/Vidkin/metrics/internal/router/metric_router.go:618.105,621.4 2 1
github.com/Vidkin/metrics/internal/router/metric_router.go:624.2,624.38 1 1
github.com/Vidkin/metrics/internal/router/metric_router.go:624.38,626.17 2 1
github.com/Vidkin/metrics/internal/router/metric_router.go:626.17,628.30 2 1
github.com/Vidkin/metrics/internal/router/metric_router.go:628.30,629.74 1 1
github.com/Vidkin/metrics/internal/router/metric_router.go:629.74,632.14 3 1
github.com/Vidkin/metrics/internal/router/metric_router.go:635.4,637.10 3 1
github.com/Vidkin/metrics/internal/router/metric_router.go:639.3,639.8 1 1
github.com/Vidkin/metrics/internal/router/metric_router.go:642.2,642.29 1 1
github.com/Vidkin/metrics/internal/router/metric_router.go:642.29,643.44 1 1
github.com/Vidkin/metrics/internal/router/metric_router.go:643.44,646.4 2 1
github.com/Vidkin/metrics/internal/router/metric_router.go:649.2,649.28 1 1
github.com/Vidkin/metrics/internal/router/metric_router.go:649.28,654.39 2 1
github.com/Vidkin/metrics/internal/router/metric_router.go:654.39,656.18 2 1
github.com/Vidkin/metrics/internal/router/metric_router.go:656.18,658.31 2 1
github.com/Vidkin/metrics/internal/router/metric_router.go:658.31,659.75 1 1
github.com/Vidkin/metrics/internal/router/metric_router.go:659.75,662.15 3 1
github.com/Vidkin/metrics/internal/router/metric_router.go:665.5,667.11 3 1
github.com/Vidkin/metrics/internal/router/metric_router.go:669.4,669.9 1 1
github.com/Vidkin/metrics/internal/router/metric_router.go:671.3,671.24 1 1
github.com/Vidkin/metrics/internal/router/metric_router.go:673.2,675.44 3 1
github.com/Vidkin/metrics/internal/router/metric_router.go:675.44,679.3 3 0
github.com/Vidkin/metrics/internal/router/metric_router.go:680.2,680.32 1 1
github.com/Vidkin/metrics/internal/router/storage_factory.go:21.48,29.2 7 1
github.com/Vidkin/metrics/internal/router/storage_factory.go:31.66,40.2 8 0
github.com/Vidkin/metrics/internal/router/storage_factory.go:42.73,49.16 6 1
github.com/Vidkin/metrics/internal/router/storage_factory.go:49.16,52.3 2 0
github.com/Vidkin/metrics/internal/router/storage_factory.go:54.2,55.16 2 1
github.com/Vidkin/metrics/internal/router/storage_factory.go:55.16,58.3 2 1
github.com/Vidkin/metrics/internal/router/storage_factory.go:60.2,61.16 2 1
github.com/Vidkin/metrics/internal/router/storage_factory.go:61.16,64.3 2 0
github.com/Vidkin/metrics/internal/router/storage_factory.go:66.2,67.16 2 1
github.com/Vidkin/metrics/internal/router/storage_factory.go:67.16,70.3 2 0
github.com/Vidkin/metrics/internal/router/storage_factory.go:72.2,72.61 1 1
github.com/Vidkin/metrics/internal/router/storage_factory.go:72.61,75.3 2 0
github.com/Vidkin/metrics/internal/router/storage_factory.go:76.2,77.16 2 1
github.com/Vidkin/metrics/internal/router/storage_factory.go:80.66,81.27 1 1
github.com/Vidkin/metrics/internal/router/storage_factory.go:81.27,83.3 1 1
github.com/Vidkin/metrics/internal/router/storage_factory.go:85.2,85.31 1 0
github.com/Vidkin/metrics/internal/router/storage_factory.go:85.31,87.18 2 0
github.com/Vidkin/metrics/internal/router/storage_factory.go:87.18,91.41 3 0
github.com/Vidkin/metrics/internal/router/storage_factory.go:91.41,93.19 2 0
github.com/Vidkin/metrics/internal/router/storage_factory.go:93.19,95.57 2 0
github.com/Vidkin/metrics/internal/router/storage_factory.go:95.57,98.15 3 0
github.com/Vidkin/metrics/internal/router/storage_factory.go:100.6,100.65 1 0
github.com/Vidkin/metrics/internal/router/storage_factory.go:102.5,102.10 1 0
github.com/Vidkin/metrics/internal/router/storage_factory.go:105.3,105.26 1 0
github.com/Vidkin/metrics/internal/router/storage_factory.go:108.2,109.24 2 0
github.com/Vidkin/metrics/pkg/compress/gzip.go:32.55,37.2 1 1
github.com/Vidkin/metrics/pkg/compress/gzip.go:41.39,43.2 1 1
github.com/Vidkin/metrics/pkg/compress/gzip.go:53.47,56.2 2 1
github.com/Vidkin/metrics/pkg/compress/gzip.go:60.46,62.2 1 1
github.com/Vidkin/metrics/pkg/compress/gzip.go:66.32,68.2 1 1
github.com/Vidkin/metrics/pkg/compress/gzip.go:87.58,89.16 2 1
github.com/Vidkin/metrics/pkg/compress/gzip.go:89.16,92.3 2 0
github.com/Vidkin/metrics/pkg/compress/gzip.go:94.2,97.8 1 1
github.com/Vidkin/metrics/pkg/compress/gzip.go:107.51,109.2 1 1
github.com/Vidkin/metrics/pkg/compress/gzip.go:113.32,114.36 1 1
github.com/Vidkin/metrics/pkg/compress/gzip.go:114.36,116.3 1 0
github.com/Vidkin/metrics/pkg/compress/gzip.go:117.2,117.21 1 1
github.com/Vidkin/metrics/pkg/hash/sha256.go:22.52,27.2 4 1
github.com/Vidkin/metrics/pkg/middleware/gzip.go:25.40,26.71 1 1
github.com/Vidkin/metrics/pkg/middleware/gzip.go:26.71,29.47 3 1
github.com/Vidkin/metrics/pkg/middleware/gzip.go:29.47,32.17 3 1
github.com/Vidkin/metrics/pkg/middleware/gzip.go:32.17,33.38 1 1
github.com/Vidkin/metrics/pkg/middleware/gzip.go:33.38,35.6 1 0
github.com/Vidkin/metrics/pkg/middleware/gzip.go:39.3,40.48 2 1
github.com/Vidkin/metrics/pkg/middleware/gzip.go:40.48,41.17 1 1
github.com/Vidkin/metrics/pkg/middleware/gzip.go:41.17,42.42 1 1
github.com/Vidkin/metrics/pkg/middleware/gzip.go:42.42,44.6 1 0
github.com/Vidkin/metrics/pkg/middleware/gzip.go:47.4,48.18 2 1
github.com/Vidkin/metrics/pkg/middleware/gzip.go:48.18,52.5 3 0
github.com/Vidkin/metrics/pkg/middleware/gzip.go:53.4,54.17 2 1
github.com/Vidkin/metrics/pkg/middleware/gzip.go:54.17,55.38 1 1
github.com/Vidkin/metrics/pkg/middleware/gzip.go:55.38,57.6 1 0
github.com/Vidkin/metrics/pkg/middleware/gzip.go:61.3,61.21 1 1
github.com/Vidkin/metrics/pkg/middleware/hash.go:31.55,32.46 1 1
github.com/Vidkin/metrics/pkg/middleware/hash.go:32.46,33.72 1 1
github.com/Vidkin/metrics/pkg/middleware/hash.go:33.72,35.18 2 1
github.com/Vidkin/metrics/pkg/middleware/hash.go:35.18,39.5 3 0
github.com/Vidkin/metrics/pkg/middleware/hash.go:39.10,41.19 2 1
github.com/Vidkin/metrics/pkg/middleware/hash.go:41.19,45.6 3 0
github.com/Vidkin/metrics/pkg/middleware/hash.go:47.5,50.18 3 1
github.com/Vidkin/metrics/pkg/middleware/hash.go:50.18,51.42 1 1
github.com/Vidkin/metrics/pkg/middleware/hash.go:51.42,53.7 1 0
github.com/Vidkin/metrics/pkg/middleware/hash.go:56.5,57.19 2 1
github.com/Vidkin/metrics/pkg/middleware/hash.go:57.19,61.6 3 0
github.com/Vidkin/metrics/pkg/middleware/hash.go:63.5,64.35 2 1
github.com/Vidkin/metrics/pkg/middleware/hash.go:64.35,68.6 3 1
github.com/Vidkin/metrics/pkg/middleware/hash.go:70.5,71.18 2 1
github.com/Vidkin/metrics/pkg/middleware/hash.go:71.18,72.43 1 1
github.com/Vidkin/metrics/pkg/middleware/hash.go:72.43,74.7 1 0
github.com/Vidkin/metrics/pkg/middleware/hash.go:78.4,82.29 2 1
github.com/Vidkin/metrics/pkg/middleware/logging.go:33.66,37.2 3 1
github.com/Vidkin/metrics/pkg/middleware/logging.go:46.62,49.2 2 1
github.com/Vidkin/metrics/pkg/middleware/logging.go:65.43,66.74 1 1
github.com/Vidkin/metrics/pkg/middleware/logging.go:66.74,91.3 7 1
github.com/Vidkin/metrics/pkg/middleware/trusted_subnet.go:22.67,23.46 1 1
github.com/Vidkin/metrics/pkg/middleware/trusted_subnet.go:23.46,24.72 1 1
github.com/Vidkin/metrics/pkg/middleware/trusted_subnet.go:24.72,26.18 2 1
github.com/Vidkin/metrics/pkg/middleware/trusted_subnet.go:26.18,30.5 3 1
github.com/Vidkin/metrics/pkg/middleware/trusted_subnet.go:31.4,33.17 3 1
github.com/Vidkin/metrics/pkg/middleware/trusted_subnet.go:33.17,37.5 3 1
github.com/Vidkin/metrics/pkg/middleware/trusted_subnet.go:38.4,38.26 1 1
github.com/Vidkin/metrics/pkg/middleware/trusted_subnet.go:38.26,40.5 1 1
github.com/Vidkin/metrics/pkg/middleware/trusted_subnet.go:41.4,43.10 3 1
